2025-11-03 21:29:02 INFO  BaseTest:17 - ===== Test Started =====
2025-11-03 21:29:08 INFO  BaseTest:20 - Browser Launched Successfully
2025-11-03 21:29:09 INFO  LoginPage:38 - Performing Login Action
2025-11-03 21:29:09 INFO  LoginPage:22 - Entering username: standard_user
2025-11-03 21:29:09 INFO  BaseTest:25 - Closing Browser...
2025-11-03 21:29:09 INFO  BaseTest:27 - ===== Test Finished =====
2025-11-03 21:29:09 INFO  BaseTest:17 - ===== Test Started =====
2025-11-03 21:29:10 INFO  BaseTest:20 - Browser Launched Successfully
2025-11-03 21:29:10 INFO  LoginPage:38 - Performing Login Action
2025-11-03 21:29:10 INFO  LoginPage:22 - Entering username: standard_user
2025-11-03 21:29:10 INFO  BaseTest:25 - Closing Browser...
2025-11-03 21:29:10 INFO  BaseTest:27 - ===== Test Finished =====
2025-11-03 21:38:13 INFO  BaseTest:17 - ===== Test Started =====
2025-11-03 21:38:15 INFO  BaseTest:20 - Browser Launched Successfully
2025-11-03 21:38:16 INFO  BaseTest:25 - Closing Browser...
2025-11-03 21:38:16 INFO  BaseTest:27 - ===== Test Finished =====
2025-11-03 21:38:16 INFO  BaseTest:17 - ===== Test Started =====
2025-11-03 21:38:17 INFO  BaseTest:20 - Browser Launched Successfully
2025-11-03 21:38:17 INFO  BaseTest:25 - Closing Browser...
2025-11-03 21:38:17 INFO  BaseTest:27 - ===== Test Finished =====
